\BOOKMARK [1][-]{section.1}{\376\377\004\022\004\062\004\065\004\064\004\065\004\075\004\070\004\065}{}% 1
\BOOKMARK [1][-]{section.2}{\376\377\004\036\004\077\004\070\004\101\004\060\004\075\004\070\004\065\000\040\004\076\004\061\004\112\004\065\004\072\004\102\004\060\000\040\004\070\004\101\004\101\004\073\004\065\004\064\004\076\004\062\004\060\004\075\004\070\004\117}{}% 2
\BOOKMARK [2][-]{subsection.2.1}{\376\377\004\041\004\102\004\065\004\072\000\040\004\102\004\065\004\105\004\075\004\076\004\073\004\076\004\063\004\070\004\071}{section.2}% 3
\BOOKMARK [2][-]{subsection.2.2}{\376\377\004\045\004\060\004\100\004\060\004\072\004\102\004\065\004\100\004\070\004\101\004\102\004\070\004\072\004\070\000\040\004\060\004\077\004\077\004\060\004\100\004\060\004\102\004\075\004\076\004\071\000\040\004\107\004\060\004\101\004\102\004\070\000\040\004\101\004\065\004\100\004\062\004\065\004\100\004\060}{section.2}% 4
\BOOKMARK [2][-]{subsection.2.3}{\376\377\004\041\004\106\004\065\004\075\004\060\004\100\004\070\004\071\000\040\004\100\004\060\004\061\004\076\004\102\004\113\000\040\004\077\004\076\004\073\004\114\004\067\004\076\004\062\004\060\004\102\004\065\004\073\004\117}{section.2}% 5
\BOOKMARK [2][-]{subsection.2.4}{\376\377\004\036\000\040\004\104\004\076\004\100\004\074\004\060\004\102\004\060\004\105\000\040\004\070\004\067\004\076\004\061\004\100\004\060\004\066\004\065\004\075\004\070\004\071}{section.2}% 6
\BOOKMARK [3][-]{subsubsection.2.4.1}{\376\377\000J\000P\000E\000G}{subsection.2.4}% 7
\BOOKMARK [3][-]{subsubsection.2.4.2}{\376\377\000P\000N\000G}{subsection.2.4}% 8
\BOOKMARK [3][-]{subsubsection.2.4.3}{\376\377\000W\000e\000b\000P}{subsection.2.4}% 9
\BOOKMARK [3][-]{subsubsection.2.4.4}{\376\377\000A\000V\000I\000F}{subsection.2.4}% 10
\BOOKMARK [3][-]{subsubsection.2.4.5}{\376\377\000H\000E\000I\000F\000/\000H\000E\000I\000C}{subsection.2.4}% 11
\BOOKMARK [3][-]{subsubsection.2.4.6}{\376\377\000S\000V\000G}{subsection.2.4}% 12
\BOOKMARK [2][-]{subsection.2.5}{\376\377\004\036\004\061\000\040\004\060\004\073\004\063\004\076\004\100\004\070\004\102\004\074\004\060\004\105\000\040\004\101\004\066\004\060\004\102\004\070\004\117\000\040\004\064\004\060\004\075\004\075\004\113\004\105\000\040\004\061\004\065\004\067\000\040\004\077\004\076\004\102\004\065\004\100\004\114}{section.2}% 13
\BOOKMARK [3][-]{subsubsection.2.5.1}{\376\377\004\020\004\073\004\063\004\076\004\100\004\070\004\102\004\074\000\040\004\045\004\060\004\104\004\104\004\074\004\060\004\075\004\060}{subsection.2.5}% 14
\BOOKMARK [3][-]{subsubsection.2.5.2}{\376\377\004\020\004\073\004\063\004\076\004\100\004\070\004\102\004\074\000\040\000L\000Z\0007\0007}{subsection.2.5}% 15
\BOOKMARK [3][-]{subsubsection.2.5.3}{\376\377\004\044\004\076\004\100\004\074\004\060\004\102\000\040\000D\000e\000f\000l\000a\000t\000e}{subsection.2.5}% 16
\BOOKMARK [3][-]{subsubsection.2.5.4}{\376\377\004\044\004\076\004\100\004\074\004\060\004\102\000\040\004\101\004\066\004\060\004\102\004\070\004\117\000\040\000G\000z\000i\000p\000\040\000\050\000G\000N\000U\000\040\000z\000i\000p\000\051}{subsection.2.5}% 17
\BOOKMARK [3][-]{subsubsection.2.5.5}{\376\377\004\027\004\060\000\040\004\101\004\107\004\121\004\102\000\040\004\107\004\065\004\063\004\076\000\040\004\074\004\076\004\066\004\075\004\076\000\040\004\064\004\076\004\061\004\070\004\102\004\114\004\101\004\117\000\040\004\100\004\060\004\067\004\075\004\113\004\105\000\040\004\101\004\102\004\065\004\077\004\065\004\075\004\065\004\071\000\040\004\101\004\066\004\060\004\102\004\070\004\117\000?}{subsection.2.5}% 18
\BOOKMARK [2][-]{subsection.2.6}{\376\377\004\030\004\075\004\101\004\102\004\100\004\103\004\074\004\065\004\075\004\102\004\113\000\040\004\100\004\060\004\067\004\100\004\060\004\061\004\076\004\102\004\107\004\070\004\072\004\060\000\040\004\061\004\100\004\060\004\103\004\067\004\065\004\100\004\060}{section.2}% 19
\BOOKMARK [3][-]{subsubsection.2.6.1}{\376\377\004\021\004\100\004\060\004\103\004\067\004\065\004\100\004\113\000\040\004\070\000\040\000J\000a\000v\000a\000S\000c\000r\000i\000p\000t}{subsection.2.6}% 20
\BOOKMARK [3][-]{subsubsection.2.6.2}{\376\377\004\032\004\060\004\072\004\070\004\065\000\040\004\104\004\103\004\075\004\072\004\106\004\070\004\070\000\040\004\077\004\100\004\065\004\064\004\076\004\101\004\102\004\060\004\062\004\073\004\117\004\065\004\102\000\040\004\072\004\076\004\075\004\101\004\076\004\073\004\114\000\040\004\100\004\060\004\067\004\100\004\060\004\061\004\076\004\102\004\107\004\070\004\072\004\060}{subsection.2.6}% 21
\BOOKMARK [3][-]{subsubsection.2.6.3}{\376\377\000N\000e\000t\000w\000o\000r\000k}{subsection.2.6}% 22
\BOOKMARK [3][-]{subsubsection.2.6.4}{\376\377\000P\000e\000r\000f\000o\000r\000m\000a\000n\000c\000e}{subsection.2.6}% 23
\BOOKMARK [3][-]{subsubsection.2.6.5}{\376\377\004\027\004\060\004\074\004\065\004\064\004\073\004\065\004\075\004\070\004\065\000\040\004\077\004\100\004\076\004\106\004\065\004\101\004\101\004\076\004\100\004\060}{subsection.2.6}% 24
\BOOKMARK [1][-]{section.3}{\376\377\004\030\004\067\004\074\004\065\004\100\004\065\004\075\004\070\004\117\000\040\004\070\000\040\004\060\004\075\004\060\004\073\004\070\004\067\000\040\004\077\004\076\004\073\004\103\004\107\004\065\004\075\004\075\004\113\004\105\000\040\004\100\004\065\004\067\004\103\004\073\004\114\004\102\004\060\004\102\004\076\004\062}{}% 25
\BOOKMARK [2][-]{subsection.3.1}{\376\377\004\041\004\100\004\060\004\062\004\075\004\065\004\075\004\070\004\065\000\040\004\104\004\076\004\100\004\074\004\060\004\102\004\076\004\062\000\040\004\070\004\067\004\076\004\061\004\100\004\060\004\066\004\065\004\075\004\070\004\071}{section.3}% 26
\BOOKMARK [3][-]{subsubsection.3.1.1}{\376\377\004\030\004\067\004\074\004\065\004\100\004\065\004\075\004\070\004\065\000\040\004\062\004\100\004\065\004\074\004\065\004\075\004\070\000\040\004\064\004\065\004\072\004\076\004\064\004\070\004\100\004\076\004\062\004\060\004\075\004\070\004\117}{subsection.3.1}% 27
\BOOKMARK [3][-]{subsubsection.3.1.2}{\376\377\004\037\004\100\004\060\004\072\004\102\004\070\004\107\004\065\004\101\004\072\004\070\004\065\000\040\004\100\004\065\004\072\004\076\004\074\004\065\004\075\004\064\004\060\004\106\004\070\004\070}{subsection.3.1}% 28
\BOOKMARK [3][-]{subsubsection.3.1.3}{\376\377\004\041\004\073\004\103\004\107\004\060\004\071\000\040\004\101\000\040\004\074\004\075\004\076\004\066\004\065\004\101\004\102\004\062\004\076\004\074\000\040\004\070\004\067\004\076\004\061\004\100\004\060\004\066\004\065\004\075\004\070\004\071}{subsection.3.1}% 29
\BOOKMARK [2][-]{subsection.3.2}{\376\377\004\041\004\066\004\060\004\102\004\070\004\065\000\040\004\101\004\102\004\060\004\102\004\070\004\107\004\065\004\101\004\072\004\070\004\105\000\040\004\104\004\060\004\071\004\073\004\076\004\062\000\040\004\061\004\100\004\060\004\103\004\067\004\065\004\100\004\060\000\040\004\101\000\040\004\077\004\076\004\074\004\076\004\111\004\114\004\116\000\040\000G\000z\000i\000p\000\040\004\070\000\040\000B\000r\000o\000t\000l\000i}{section.3}% 30
\BOOKMARK [3][-]{subsubsection.3.2.1}{\376\377\004\047\004\102\004\076\000\040\004\070\004\067\004\074\004\065\004\100\004\117\004\065\004\074}{subsection.3.2}% 31
\BOOKMARK [3][-]{subsubsection.3.2.2}{\376\377\004\042\004\065\004\105\004\075\004\070\004\107\004\065\004\101\004\072\004\070\004\065\000\040\004\105\004\060\004\100\004\060\004\072\004\102\004\065\004\100\004\070\004\101\004\102\004\070\004\072\004\070\000\040\004\103\004\101\004\102\004\100\004\076\004\071\004\101\004\102\004\062\004\060}{subsection.3.2}% 32
\BOOKMARK [3][-]{subsubsection.3.2.3}{\376\377\004\043\004\101\004\073\004\076\004\062\004\070\004\117\000\040\004\077\004\100\004\076\004\062\004\065\004\064\004\065\004\075\004\070\004\117\000\040\004\115\004\072\004\101\004\077\004\065\004\100\004\070\004\074\004\065\004\075\004\102\004\060\000\040\004\070\000\040\004\076\004\061\004\100\004\060\004\061\004\076\004\102\004\072\004\060\000\040\004\064\004\060\004\075\004\075\004\113\004\105}{subsection.3.2}% 33
\BOOKMARK [3][-]{subsubsection.3.2.4}{\376\377\004\030\004\067\004\074\004\065\004\100\004\065\004\075\004\070\004\065\000\040\004\101\004\102\004\065\004\077\004\065\004\075\004\070\000\040\004\101\004\066\004\060\004\102\004\070\004\117}{subsection.3.2}% 34
\BOOKMARK [3][-]{subsubsection.3.2.5}{\376\377\004\030\004\067\004\074\004\065\004\100\004\065\004\075\004\070\004\065\000\040\004\062\004\100\004\065\004\074\004\065\004\075\004\070\000\040\004\101\004\066\004\060\004\102\004\070\004\117}{subsection.3.2}% 35
\BOOKMARK [3][-]{subsubsection.3.2.6}{\376\377\004\030\004\067\004\074\004\065\004\100\004\065\004\075\004\070\004\065\000\040\004\062\004\100\004\065\004\074\004\065\004\075\004\070\000\040\004\064\004\065\004\072\004\076\004\074\004\077\004\100\004\065\004\101\004\101\004\070\004\070}{subsection.3.2}% 36
\BOOKMARK [2][-]{subsection.3.3}{\376\377\004\040\004\065\004\060\004\073\004\114\004\075\004\113\004\065\000\040\004\067\004\060\004\074\004\065\004\100\004\113\000\040\004\101\004\066\004\060\004\102\004\070\004\117\000\040\004\101\004\102\004\060\004\102\004\070\004\107\004\065\004\101\004\072\004\070\004\105\000\040\004\104\004\060\004\071\004\073\004\076\004\062\000\040\004\062\000\040\004\061\004\100\004\060\004\103\004\067\004\065\004\100\004\065}{section.3}% 37
\BOOKMARK [3][-]{subsubsection.3.3.1}{\376\377\004\037\004\076\004\101\004\102\004\060\004\075\004\076\004\062\004\072\004\060\000\040\004\115\004\072\004\101\004\077\004\065\004\100\004\070\004\074\004\065\004\075\004\102\004\060}{subsection.3.3}% 38
\BOOKMARK [3][-]{subsubsection.3.3.2}{\376\377\004\022\004\113\004\062\004\076\004\064\000\040\004\077\004\076\000\040\004\101\004\102\004\060\004\102\004\070\004\107\004\065\004\101\004\072\004\070\004\074\000\040\004\104\004\060\004\071\004\073\004\060\004\074\000\040\000J\000S\000,\000\040\000C\000S\000S\000,\000\040\000H\000T\000M\000L}{subsection.3.3}% 39
\BOOKMARK [2][-]{subsection.3.4}{\376\377\004\035\004\060\004\063\004\100\004\103\004\067\004\076\004\107\004\075\004\076\004\065\000\040\004\102\004\065\004\101\004\102\004\070\004\100\004\076\004\062\004\060\004\075\004\070\004\065\000\040\000R\000E\000S\000T\000-\004\067\004\060\004\077\004\100\004\076\004\101\004\076\004\062\000\040\000\050\004\064\004\070\004\075\004\060\004\074\004\070\004\107\004\065\004\101\004\072\004\070\004\065\000\040\004\064\004\060\004\075\004\075\004\113\004\065\000\051}{section.3}% 40
\BOOKMARK [3][-]{subsubsection.3.4.1}{\376\377\004\036\004\077\004\070\004\101\004\060\004\075\004\070\004\065\000\040\004\060\004\077\004\077\004\060\004\100\004\060\004\102\004\075\004\076\004\071\000\040\004\107\004\060\004\101\004\102\004\070\000\040\004\101\004\065\004\100\004\062\004\065\004\100\004\060}{subsection.3.4}% 41
\BOOKMARK [3][-]{subsubsection.3.4.2}{\376\377\004\044\004\070\004\067\004\070\004\107\004\065\004\101\004\072\004\070\004\071\000\040\004\101\004\074\004\113\004\101\004\073\000\040\004\062\004\113\004\061\004\100\004\060\004\075\004\075\004\076\004\071\000\040\004\075\004\060\004\063\004\100\004\103\004\067\004\072\004\070}{subsection.3.4}% 42
\BOOKMARK [3][-]{subsubsection.3.4.3}{\376\377\004\055\004\072\004\101\004\077\004\065\004\100\004\070\004\074\004\065\004\075\004\102\000\040\004\077\004\065\004\100\004\062\004\113\004\071}{subsection.3.4}% 43
\BOOKMARK [3][-]{subsubsection.3.4.4}{\376\377\004\055\004\072\004\101\004\077\004\065\004\100\004\070\004\074\004\065\004\075\004\102\000\040\004\062\004\102\004\076\004\100\004\076\004\071}{subsection.3.4}% 44
\BOOKMARK [3][-]{subsubsection.3.4.5}{\376\377\004\020\004\075\004\060\004\073\004\070\004\067\000\040\004\077\004\076\004\073\004\103\004\107\004\065\004\075\004\075\004\113\004\105\000\040\004\100\004\065\004\067\004\103\004\073\004\114\004\102\004\060\004\102\004\076\004\062}{subsection.3.4}% 45
\BOOKMARK [3][-]{subsubsection.3.4.6}{\376\377\004\027\004\060\004\062\004\070\004\101\004\070\004\074\004\076\004\101\004\102\004\114\000\040\000C\000P\000U\000\040\000l\000o\000a\000d\000\040\004\070\000\040\000N\000e\000t\000w\000o\000r\000k\000\040\000l\000o\000a\000d\000\040\004\076\004\102\000\040\004\103\004\100\004\076\004\062\004\075\004\117\000\040\004\101\004\066\004\060\004\102\004\070\004\117}{subsection.3.4}% 46
\BOOKMARK [3][-]{subsubsection.3.4.7}{\376\377\004\020\004\075\004\060\004\073\004\070\004\067\000\040\004\077\004\076\004\073\004\103\004\107\004\065\004\075\004\075\004\113\004\105\000\040\004\100\004\065\004\067\004\103\004\073\004\114\004\102\004\060\004\102\004\076\004\062}{subsection.3.4}% 47
\BOOKMARK [2][-]{subsection.3.5}{\376\377\004\040\004\065\004\060\004\073\004\070\004\067\004\060\004\106\004\070\004\117\000\040\004\077\004\065\004\100\004\065\004\072\004\073\004\116\004\107\004\060\004\102\004\065\004\073\004\117}{section.3}% 48
\BOOKMARK [3][-]{subsubsection.3.5.1}{\376\377\004\024\004\076\004\077\004\076\004\073\004\075\004\070\004\102\004\065\004\073\004\114\004\075\004\113\004\071\000\040\004\076\004\061\004\100\004\060\004\102\004\075\004\113\004\071\000\040\004\077\004\100\004\076\004\072\004\101\004\070\000-\004\101\004\065\004\100\004\062\004\065\004\100\000\040\004\075\004\060\000\040\000E\000x\000p\000r\000e\000s\000s\000.\000j\000s}{subsection.3.5}% 49
\BOOKMARK [3][-]{subsubsection.3.5.2}{\376\377\004\040\004\065\004\072\004\076\004\075\004\104\004\070\004\063\004\103\004\100\004\060\004\102\004\076\004\100\000\040\000N\000g\000i\000n\000x}{subsection.3.5}% 50
\BOOKMARK [3][-]{subsubsection.3.5.3}{\376\377\004\034\004\076\004\064\004\103\004\073\004\114\000\040\004\064\004\073\004\117\000\040\000N\000g\000i\000n\000x}{subsection.3.5}% 51
\BOOKMARK [1][-]{section.4}{\376\377\004\036\004\061\004\111\004\070\004\065\000\040\004\062\004\113\004\062\004\076\004\064\004\113}{}% 52
\BOOKMARK [2][-]{subsection.4.1}{\376\377\004\037\004\073\004\060\004\075\000\040\004\064\004\060\004\073\004\114\004\075\004\065\004\071\004\110\004\070\004\105\000\040\004\070\004\101\004\101\004\073\004\065\004\064\004\076\004\062\004\060\004\075\004\070\004\071}{section.4}% 53
